2014-03-25 15:46:17 [ Thread-3:128935 ] - [ INFO ] redis[RedisQueue] 当前记录数：0
2014-03-25 15:47:00 [ Thread-3:171608 ] - [ INFO ] redis[RedisQueue] 当前记录数：0
2014-03-25 15:47:30 [ Thread-3:201623 ] - [ INFO ] redis[RedisQueue] 当前记录数：0
2014-03-25 15:48:02 [ Thread-3:2 ] - [ INFO ] redis 服务启动...
2014-03-25 15:48:02 [ main:228 ] - [ INFO ] Server started, port:8080
2014-03-25 15:48:32 [ Thread-3:30050 ] - [ INFO ] redis[RedisQueue] 当前记录数：0
2014-03-25 15:48:55 [ Thread-2:2 ] - [ INFO ] redis 服务启动...
2014-03-25 15:48:55 [ main:233 ] - [ INFO ] Server started, port:8080
2014-03-25 15:49:09 [ nioEventLoopGroup-3-1:14343 ] - [ ERROR ] resource /put/hello?msg=222 not found.
2014-03-25 15:49:25 [ Thread-2:30048 ] - [ INFO ] redis[RedisQueue] 当前记录数：0
2014-03-25 15:56:48 [ Thread-2:1 ] - [ INFO ] redis 服务启动...
2014-03-25 15:56:49 [ main:229 ] - [ INFO ] Server started, port:8080
2014-03-25 15:57:02 [ Thread-2:2 ] - [ INFO ] redis 服务启动...
2014-03-25 15:57:02 [ main:231 ] - [ INFO ] Server started, port:8080
2014-03-25 15:57:32 [ Thread-2:30050 ] - [ INFO ] redis[RedisQueue] 当前记录数：0
2014-03-25 15:58:02 [ Thread-2:60067 ] - [ INFO ] redis[RedisQueue] 当前记录数：0
2014-03-25 15:58:32 [ Thread-2:90088 ] - [ INFO ] redis[RedisQueue] 当前记录数：0
2014-03-25 15:59:02 [ Thread-2:120111 ] - [ INFO ] redis[RedisQueue] 当前记录数：0
2014-03-25 15:59:32 [ Thread-2:150128 ] - [ INFO ] redis[RedisQueue] 当前记录数：0
2014-03-25 16:00:02 [ Thread-2:180147 ] - [ INFO ] redis[RedisQueue] 当前记录数：0
2014-03-25 16:00:32 [ Thread-2:210166 ] - [ INFO ] redis[RedisQueue] 当前记录数：0
2014-03-25 16:05:14 [ Thread-2:2 ] - [ INFO ] redis 服务启动...
2014-03-25 16:05:15 [ main:235 ] - [ INFO ] Server started, port:8080
2014-03-25 16:05:45 [ Thread-2:30048 ] - [ INFO ] redis[RedisQueue] 当前记录数：0
2014-03-25 16:06:15 [ Thread-2:60067 ] - [ INFO ] redis[RedisQueue] 当前记录数：0
2014-03-25 16:06:25 [ Thread-2:1 ] - [ INFO ] redis 服务启动...
2014-03-25 16:06:25 [ main:225 ] - [ INFO ] Server started, port:8080
2014-03-25 16:06:55 [ Thread-2:30047 ] - [ INFO ] redis[RedisQueue] 当前记录数：0
2014-03-25 16:07:25 [ Thread-2:60067 ] - [ INFO ] redis[RedisQueue] 当前记录数：0
2014-03-25 16:07:55 [ Thread-2:90088 ] - [ INFO ] redis[RedisQueue] 当前记录数：0
2014-03-25 16:09:02 [ Thread-3:23175 ] - [ INFO ] redis 服务启动...
2014-03-25 16:09:02 [ main:23398 ] - [ INFO ] Server started, port:8080
2014-03-25 16:10:15 [ Thread-3:96553 ] - [ INFO ] redis[RedisQueue] 当前记录数：0
2014-03-25 16:10:55 [ Thread-3:135928 ] - [ INFO ] redis[RedisQueue] 当前记录数：0
2014-03-25 16:11:25 [ Thread-3:165947 ] - [ INFO ] redis[RedisQueue] 当前记录数：0
2014-03-25 16:11:55 [ Thread-3:195968 ] - [ INFO ] redis[RedisQueue] 当前记录数：0
2014-03-25 16:12:25 [ Thread-3:225986 ] - [ INFO ] redis[RedisQueue] 当前记录数：0
2014-03-25 16:12:55 [ Thread-3:256005 ] - [ INFO ] redis[RedisQueue] 当前记录数：0
2014-03-25 16:13:25 [ Thread-3:286024 ] - [ INFO ] redis[RedisQueue] 当前记录数：0
2014-03-25 16:13:55 [ Thread-3:316047 ] - [ INFO ] redis[RedisQueue] 当前记录数：0
2014-03-25 16:14:25 [ Thread-3:346069 ] - [ INFO ] redis[RedisQueue] 当前记录数：0
2014-03-25 16:14:55 [ Thread-3:376085 ] - [ INFO ] redis[RedisQueue] 当前记录数：0
2014-03-25 16:15:25 [ Thread-3:406103 ] - [ INFO ] redis[RedisQueue] 当前记录数：0
2014-03-25 16:15:55 [ Thread-3:436118 ] - [ INFO ] redis[RedisQueue] 当前记录数：0
2014-03-25 16:16:25 [ Thread-3:466136 ] - [ INFO ] redis[RedisQueue] 当前记录数：0
2014-03-25 16:16:55 [ Thread-3:496152 ] - [ INFO ] redis[RedisQueue] 当前记录数：0
2014-03-25 16:17:25 [ Thread-3:526169 ] - [ INFO ] redis[RedisQueue] 当前记录数：0
2014-03-25 16:17:55 [ Thread-3:556188 ] - [ INFO ] redis[RedisQueue] 当前记录数：0
2014-03-25 16:18:18 [ Thread-3:7984 ] - [ INFO ] redis 服务启动...
2014-03-25 16:18:18 [ main:8198 ] - [ INFO ] Server started, port:8080
2014-03-25 16:18:48 [ Thread-3:38004 ] - [ INFO ] redis[RedisQueue] 当前记录数：1
2014-03-25 16:19:18 [ Thread-3:68023 ] - [ INFO ] redis[RedisQueue] 当前记录数：1
2014-03-25 16:19:22 [ nioEventLoopGroup-3-1:72623 ] - [ ERROR ] resource /get/hello?msg not found.
2014-03-25 16:19:27 [ nioEventLoopGroup-3-1:77902 ] - [ ERROR ] resource /get/hello not found.
2014-03-25 16:19:48 [ Thread-3:98044 ] - [ INFO ] redis[RedisQueue] 当前记录数：1
2014-03-25 16:20:18 [ Thread-3:128065 ] - [ INFO ] redis[RedisQueue] 当前记录数：1
2014-03-25 16:20:48 [ Thread-3:158097 ] - [ INFO ] redis[RedisQueue] 当前记录数：1
2014-03-25 16:21:18 [ Thread-3:188117 ] - [ INFO ] redis[RedisQueue] 当前记录数：1
2014-03-25 16:21:48 [ Thread-3:218137 ] - [ INFO ] redis[RedisQueue] 当前记录数：1
2014-03-25 16:22:18 [ Thread-3:248155 ] - [ INFO ] redis[RedisQueue] 当前记录数：1
2014-03-25 16:22:48 [ Thread-3:278173 ] - [ INFO ] redis[RedisQueue] 当前记录数：1
2014-03-25 16:23:18 [ Thread-3:308192 ] - [ INFO ] redis[RedisQueue] 当前记录数：1
2014-03-25 16:23:48 [ Thread-3:338209 ] - [ INFO ] redis[RedisQueue] 当前记录数：1
2014-03-25 16:24:18 [ Thread-3:368228 ] - [ INFO ] redis[RedisQueue] 当前记录数：1
2014-03-25 16:24:48 [ Thread-3:398244 ] - [ INFO ] redis[RedisQueue] 当前记录数：1
2014-03-25 16:25:18 [ Thread-3:428263 ] - [ INFO ] redis[RedisQueue] 当前记录数：1
2014-03-25 16:25:48 [ Thread-3:458286 ] - [ INFO ] redis[RedisQueue] 当前记录数：1
2014-03-25 16:26:18 [ Thread-3:488304 ] - [ INFO ] redis[RedisQueue] 当前记录数：1
2014-03-25 16:26:48 [ Thread-3:518320 ] - [ INFO ] redis[RedisQueue] 当前记录数：1
2014-03-25 16:27:18 [ Thread-3:548341 ] - [ INFO ] redis[RedisQueue] 当前记录数：1
2014-03-25 16:27:48 [ Thread-3:578358 ] - [ INFO ] redis[RedisQueue] 当前记录数：1
2014-03-25 16:28:18 [ Thread-3:608377 ] - [ INFO ] redis[RedisQueue] 当前记录数：1
2014-03-25 16:28:48 [ Thread-3:638396 ] - [ INFO ] redis[RedisQueue] 当前记录数：1
2014-03-25 16:29:18 [ Thread-3:668414 ] - [ INFO ] redis[RedisQueue] 当前记录数：1
2014-03-25 16:29:48 [ Thread-3:698432 ] - [ INFO ] redis[RedisQueue] 当前记录数：1
2014-03-25 16:30:18 [ Thread-3:728453 ] - [ INFO ] redis[RedisQueue] 当前记录数：1
2014-03-25 16:30:48 [ Thread-3:758472 ] - [ INFO ] redis[RedisQueue] 当前记录数：1
